<?xml version="1.0" encoding="UTF-8"?>
<!-- Generated by org.testng.reporters.JUnitXMLReporter -->
<testsuite ignored="0" hostname="LAPTOP-T7SDQHSU" failures="0" tests="12" name="Default test" time="226.942" errors="0" timestamp="2021-09-25T15:54:58 IST">
  <testcase classname="com.mindtree.runner.Runner" name="signrun" time="17.35"/>
  <testcase classname="com.mindtree.runner.Runner" name="LoginRun" time="28.261"/>
  <testcase classname="com.mindtree.runner.Runner" name="testSearchTitle" time="7.084"/>
  <testcase classname="com.mindtree.runner.Runner" name="testSearchTitle" time="5.974"/>
  <testcase classname="com.mindtree.runner.Runner" name="testSearchTitle" time="5.471"/>
  <testcase classname="com.mindtree.runner.Runner" name="ProfileVer" time="31.095"/>
  <testcase classname="com.mindtree.runner.Runner" name="HelpBtn" time="5.43"/>
  <testcase classname="com.mindtree.runner.Runner" name="StoreVer" time="15.111"/>
  <testcase classname="com.mindtree.runner.Runner" name="Trackorder" time="11.023"/>
  <testcase classname="com.mindtree.runner.Runner" name="Subscribe" time="6.017"/>
  <testcase classname="com.mindtree.runner.Runner" name="GiftCard" time="9.441"/>
  <testcase classname="com.mindtree.runner.Runner" name="LogOutRun" time="39.521"/>
</testsuite> <!-- Default test -->
