<?xml version="1.0" encoding="UTF-8"?>
<!-- Generated by org.testng.reporters.JUnitXMLReporter -->
<testsuite ignored="0" hostname="LAPTOP-T7SDQHSU" failures="0" tests="12" name="Test" time="208.743" errors="0" timestamp="2021-09-25T08:37:37 IST">
  <testcase classname="com.mindtree.runner.Runner" name="signrun" time="15.99"/>
  <testcase classname="com.mindtree.runner.Runner" name="LoginRun" time="27.249"/>
  <testcase classname="com.mindtree.runner.Runner" name="testSearchTitle" time="4.617"/>
  <testcase classname="com.mindtree.runner.Runner" name="testSearchTitle" time="4.922"/>
  <testcase classname="com.mindtree.runner.Runner" name="testSearchTitle" time="4.391"/>
  <testcase classname="com.mindtree.runner.Runner" name="ProfileVer" time="30.168"/>
  <testcase classname="com.mindtree.runner.Runner" name="HelpBtn" time="3.208"/>
  <testcase classname="com.mindtree.runner.Runner" name="StoreVer" time="6.597"/>
  <testcase classname="com.mindtree.runner.Runner" name="Trackorder" time="5.351"/>
  <testcase classname="com.mindtree.runner.Runner" name="Subscribe" time="3.667"/>
  <testcase classname="com.mindtree.runner.Runner" name="GiftCard" time="6.31"/>
  <testcase classname="com.mindtree.runner.Runner" name="LogOutRun" time="38.874"/>
</testsuite> <!-- Test -->
