<?xml version="1.0" encoding="UTF-8"?>
<testng-results ignored="0" total="12" passed="12" failed="0" skipped="0">
  <reporter-output>
  </reporter-output>
  <suite started-at="2021-09-25T15:51:11 IST" name="Default suite" finished-at="2021-09-25T15:54:58 IST" duration-ms="226942">
    <groups>
    </groups>
    <test started-at="2021-09-25T15:51:11 IST" name="Default test" finished-at="2021-09-25T15:54:58 IST" duration-ms="226942">
      <class name="com.mindtree.runner.Runner">
        <test-method is-config="true" signature="getTestData()[pri:0, instance:com.mindtree.runner.Runner@615f972]" started-at="2021-09-25T15:51:11 IST" name="getTestData" finished-at="2021-09-25T15:51:12 IST" duration-ms="1282" status="PASS">
          <reporter-output>
          </reporter-output>
        </test-method> <!-- getTestData -->
        <test-method is-config="true" signature="testing()[pri:0, instance:com.mindtree.runner.Runner@615f972]" started-at="2021-09-25T15:51:12 IST" name="testing" finished-at="2021-09-25T15:51:16 IST" duration-ms="3992" status="PASS">
          <reporter-output>
          </reporter-output>
        </test-method> <!-- testing -->
        <test-method signature="signrun()[pri:0, instance:com.mindtree.runner.Runner@615f972]" started-at="2021-09-25T15:51:16 IST" name="signrun" finished-at="2021-09-25T15:51:34 IST" duration-ms="17350" status="PASS">
          <reporter-output>
          </reporter-output>
        </test-method> <!-- signrun -->
        <test-method is-config="true" signature="clean()[pri:0, instance:com.mindtree.runner.Runner@615f972]" started-at="2021-09-25T15:51:34 IST" name="clean" finished-at="2021-09-25T15:51:36 IST" duration-ms="2096" status="PASS">
          <reporter-output>
          </reporter-output>
        </test-method> <!-- clean -->
        <test-method is-config="true" signature="testing()[pri:0, instance:com.mindtree.runner.Runner@615f972]" started-at="2021-09-25T15:51:36 IST" name="testing" finished-at="2021-09-25T15:51:39 IST" duration-ms="2684" status="PASS">
          <reporter-output>
          </reporter-output>
        </test-method> <!-- testing -->
        <test-method signature="LoginRun()[pri:1, instance:com.mindtree.runner.Runner@615f972]" started-at="2021-09-25T15:51:39 IST" name="LoginRun" finished-at="2021-09-25T15:52:07 IST" duration-ms="28261" status="PASS">
          <reporter-output>
          </reporter-output>
        </test-method> <!-- LoginRun -->
        <test-method is-config="true" signature="clean()[pri:0, instance:com.mindtree.runner.Runner@615f972]" started-at="2021-09-25T15:52:07 IST" name="clean" finished-at="2021-09-25T15:52:08 IST" duration-ms="918" status="PASS">
          <reporter-output>
          </reporter-output>
        </test-method> <!-- clean -->
        <test-method is-config="true" signature="testing()[pri:0, instance:com.mindtree.runner.Runner@615f972]" started-at="2021-09-25T15:52:08 IST" name="testing" finished-at="2021-09-25T15:52:10 IST" duration-ms="2272" status="PASS">
          <reporter-output>
          </reporter-output>
        </test-method> <!-- testing -->
        <test-method signature="testSearchTitle(java.lang.String)[pri:2, instance:com.mindtree.runner.Runner@615f972]" started-at="2021-09-25T15:52:10 IST" name="testSearchTitle" data-provider="getTestData" finished-at="2021-09-25T15:52:17 IST" duration-ms="7084" status="PASS">
          <params>
            <param index="0">
              <value>
                <![CDATA[Sofas]]>
              </value>
            </param>
          </params>
          <reporter-output>
          </reporter-output>
        </test-method> <!-- testSearchTitle -->
        <test-method is-config="true" signature="clean()[pri:0, instance:com.mindtree.runner.Runner@615f972]" started-at="2021-09-25T15:52:17 IST" name="clean" finished-at="2021-09-25T15:52:23 IST" duration-ms="5369" status="PASS">
          <reporter-output>
          </reporter-output>
        </test-method> <!-- clean -->
        <test-method is-config="true" signature="testing()[pri:0, instance:com.mindtree.runner.Runner@615f972]" started-at="2021-09-25T15:52:23 IST" name="testing" finished-at="2021-09-25T15:52:24 IST" duration-ms="1816" status="PASS">
          <reporter-output>
          </reporter-output>
        </test-method> <!-- testing -->
        <test-method signature="testSearchTitle(java.lang.String)[pri:2, instance:com.mindtree.runner.Runner@615f972]" started-at="2021-09-25T15:52:24 IST" name="testSearchTitle" data-provider="getTestData" finished-at="2021-09-25T15:52:30 IST" duration-ms="5974" status="PASS">
          <params>
            <param index="0">
              <value>
                <![CDATA[Bed]]>
              </value>
            </param>
          </params>
          <reporter-output>
          </reporter-output>
        </test-method> <!-- testSearchTitle -->
        <test-method is-config="true" signature="clean()[pri:0, instance:com.mindtree.runner.Runner@615f972]" started-at="2021-09-25T15:52:30 IST" name="clean" finished-at="2021-09-25T15:52:31 IST" duration-ms="614" status="PASS">
          <reporter-output>
          </reporter-output>
        </test-method> <!-- clean -->
        <test-method is-config="true" signature="testing()[pri:0, instance:com.mindtree.runner.Runner@615f972]" started-at="2021-09-25T15:52:31 IST" name="testing" finished-at="2021-09-25T15:52:33 IST" duration-ms="2138" status="PASS">
          <reporter-output>
          </reporter-output>
        </test-method> <!-- testing -->
        <test-method signature="testSearchTitle(java.lang.String)[pri:2, instance:com.mindtree.runner.Runner@615f972]" started-at="2021-09-25T15:52:33 IST" name="testSearchTitle" data-provider="getTestData" finished-at="2021-09-25T15:52:39 IST" duration-ms="5471" status="PASS">
          <params>
            <param index="0">
              <value>
                <![CDATA[Dining]]>
              </value>
            </param>
          </params>
          <reporter-output>
          </reporter-output>
        </test-method> <!-- testSearchTitle -->
        <test-method is-config="true" signature="clean()[pri:0, instance:com.mindtree.runner.Runner@615f972]" started-at="2021-09-25T15:52:39 IST" name="clean" finished-at="2021-09-25T15:52:40 IST" duration-ms="1161" status="PASS">
          <reporter-output>
          </reporter-output>
        </test-method> <!-- clean -->
        <test-method is-config="true" signature="testing()[pri:0, instance:com.mindtree.runner.Runner@615f972]" started-at="2021-09-25T15:52:40 IST" name="testing" finished-at="2021-09-25T15:52:42 IST" duration-ms="2038" status="PASS">
          <reporter-output>
          </reporter-output>
        </test-method> <!-- testing -->
        <test-method signature="ProfileVer()[pri:3, instance:com.mindtree.runner.Runner@615f972]" started-at="2021-09-25T15:52:42 IST" name="ProfileVer" finished-at="2021-09-25T15:53:13 IST" duration-ms="31095" status="PASS">
          <reporter-output>
          </reporter-output>
        </test-method> <!-- ProfileVer -->
        <test-method is-config="true" signature="clean()[pri:0, instance:com.mindtree.runner.Runner@615f972]" started-at="2021-09-25T15:53:13 IST" name="clean" finished-at="2021-09-25T15:53:14 IST" duration-ms="726" status="PASS">
          <reporter-output>
          </reporter-output>
        </test-method> <!-- clean -->
        <test-method is-config="true" signature="testing()[pri:0, instance:com.mindtree.runner.Runner@615f972]" started-at="2021-09-25T15:53:14 IST" name="testing" finished-at="2021-09-25T15:53:16 IST" duration-ms="2287" status="PASS">
          <reporter-output>
          </reporter-output>
        </test-method> <!-- testing -->
        <test-method signature="HelpBtn()[pri:4, instance:com.mindtree.runner.Runner@615f972]" started-at="2021-09-25T15:53:16 IST" name="HelpBtn" finished-at="2021-09-25T15:53:21 IST" duration-ms="5430" status="PASS">
          <reporter-output>
          </reporter-output>
        </test-method> <!-- HelpBtn -->
        <test-method is-config="true" signature="clean()[pri:0, instance:com.mindtree.runner.Runner@615f972]" started-at="2021-09-25T15:53:21 IST" name="clean" finished-at="2021-09-25T15:53:23 IST" duration-ms="1280" status="PASS">
          <reporter-output>
          </reporter-output>
        </test-method> <!-- clean -->
        <test-method is-config="true" signature="testing()[pri:0, instance:com.mindtree.runner.Runner@615f972]" started-at="2021-09-25T15:53:23 IST" name="testing" finished-at="2021-09-25T15:53:25 IST" duration-ms="2283" status="PASS">
          <reporter-output>
          </reporter-output>
        </test-method> <!-- testing -->
        <test-method signature="StoreVer()[pri:5, instance:com.mindtree.runner.Runner@615f972]" started-at="2021-09-25T15:53:25 IST" name="StoreVer" finished-at="2021-09-25T15:53:40 IST" duration-ms="15111" status="PASS">
          <reporter-output>
          </reporter-output>
        </test-method> <!-- StoreVer -->
        <test-method is-config="true" signature="clean()[pri:0, instance:com.mindtree.runner.Runner@615f972]" started-at="2021-09-25T15:53:40 IST" name="clean" finished-at="2021-09-25T15:53:40 IST" duration-ms="401" status="PASS">
          <reporter-output>
          </reporter-output>
        </test-method> <!-- clean -->
        <test-method is-config="true" signature="testing()[pri:0, instance:com.mindtree.runner.Runner@615f972]" started-at="2021-09-25T15:53:40 IST" name="testing" finished-at="2021-09-25T15:53:42 IST" duration-ms="1829" status="PASS">
          <reporter-output>
          </reporter-output>
        </test-method> <!-- testing -->
        <test-method signature="Trackorder()[pri:6, instance:com.mindtree.runner.Runner@615f972]" started-at="2021-09-25T15:53:42 IST" name="Trackorder" finished-at="2021-09-25T15:53:53 IST" duration-ms="11023" status="PASS">
          <reporter-output>
          </reporter-output>
        </test-method> <!-- Trackorder -->
        <test-method is-config="true" signature="clean()[pri:0, instance:com.mindtree.runner.Runner@615f972]" started-at="2021-09-25T15:53:53 IST" name="clean" finished-at="2021-09-25T15:53:54 IST" duration-ms="917" status="PASS">
          <reporter-output>
          </reporter-output>
        </test-method> <!-- clean -->
        <test-method is-config="true" signature="testing()[pri:0, instance:com.mindtree.runner.Runner@615f972]" started-at="2021-09-25T15:53:54 IST" name="testing" finished-at="2021-09-25T15:53:56 IST" duration-ms="2361" status="PASS">
          <reporter-output>
          </reporter-output>
        </test-method> <!-- testing -->
        <test-method signature="Subscribe()[pri:7, instance:com.mindtree.runner.Runner@615f972]" started-at="2021-09-25T15:53:56 IST" name="Subscribe" finished-at="2021-09-25T15:54:02 IST" duration-ms="6017" status="PASS">
          <reporter-output>
          </reporter-output>
        </test-method> <!-- Subscribe -->
        <test-method is-config="true" signature="clean()[pri:0, instance:com.mindtree.runner.Runner@615f972]" started-at="2021-09-25T15:54:02 IST" name="clean" finished-at="2021-09-25T15:54:03 IST" duration-ms="489" status="PASS">
          <reporter-output>
          </reporter-output>
        </test-method> <!-- clean -->
        <test-method is-config="true" signature="testing()[pri:0, instance:com.mindtree.runner.Runner@615f972]" started-at="2021-09-25T15:54:03 IST" name="testing" finished-at="2021-09-25T15:54:05 IST" duration-ms="2339" status="PASS">
          <reporter-output>
          </reporter-output>
        </test-method> <!-- testing -->
        <test-method signature="GiftCard()[pri:8, instance:com.mindtree.runner.Runner@615f972]" started-at="2021-09-25T15:54:05 IST" name="GiftCard" finished-at="2021-09-25T15:54:15 IST" duration-ms="9441" status="PASS">
          <reporter-output>
          </reporter-output>
        </test-method> <!-- GiftCard -->
        <test-method is-config="true" signature="clean()[pri:0, instance:com.mindtree.runner.Runner@615f972]" started-at="2021-09-25T15:54:15 IST" name="clean" finished-at="2021-09-25T15:54:15 IST" duration-ms="597" status="PASS">
          <reporter-output>
          </reporter-output>
        </test-method> <!-- clean -->
        <test-method is-config="true" signature="testing()[pri:0, instance:com.mindtree.runner.Runner@615f972]" started-at="2021-09-25T15:54:15 IST" name="testing" finished-at="2021-09-25T15:54:18 IST" duration-ms="2296" status="PASS">
          <reporter-output>
          </reporter-output>
        </test-method> <!-- testing -->
        <test-method signature="LogOutRun()[pri:9, instance:com.mindtree.runner.Runner@615f972]" started-at="2021-09-25T15:54:18 IST" name="LogOutRun" finished-at="2021-09-25T15:54:57 IST" duration-ms="39521" status="PASS">
          <reporter-output>
          </reporter-output>
        </test-method> <!-- LogOutRun -->
        <test-method is-config="true" signature="clean()[pri:0, instance:com.mindtree.runner.Runner@615f972]" started-at="2021-09-25T15:54:57 IST" name="clean" finished-at="2021-09-25T15:54:58 IST" duration-ms="522" status="PASS">
          <reporter-output>
          </reporter-output>
        </test-method> <!-- clean -->
      </class> <!-- com.mindtree.runner.Runner -->
    </test> <!-- Default test -->
  </suite> <!-- Default suite -->
</testng-results>
